<?xml version="1.0" encoding="UTF-8"?>
<!-- Generated by org.testng.reporters.JUnitXMLReporter -->
<testsuite hostname="GUR-BXTI-L162" ignored="2" name="Test" tests="1" failures="1" timestamp="25 Aug 2021 05:01:28 GMT" time="31.215" errors="0">
  <testcase name="Scenario2method" time="25.308" classname="channelnewsasia.com.Scenario1">
    <failure type="java.lang.AssertionError" message="The following asserts failed:
	Ensure headlines are expected expected [111 new locally transmitted COVID-19 cases in Singapore, including 24 linked to dormitory in Woodlands] but found [Singapore&amp;apos;s Yip Pin Xiu advances to women&amp;apos;s 100m backstroke S2 final at Tokyo Paralympics]">
      <![CDATA[java.lang.AssertionError: The following asserts failed:
	Ensure headlines are expected expected [111 new locally transmitted COVID-19 cases in Singapore, including 24 linked to dormitory in Woodlands] but found [Singapore's Yip Pin Xiu advances to women's 100m backstroke S2 final at Tokyo Paralympics]
	at channelnewsasia.com.Scenario1.Scenario2method(Scenario1.java:68)
... Removed 26 stack frames]]>
    </failure>
  </testcase> <!-- Scenario2method -->
  <testcase name="fetchWeather" time="0.0" classname="channelnewsasia.com.Scenario1">
    <ignored/>
  </testcase> <!-- fetchWeather -->
  <testcase name="Scenario1method" time="0.0" classname="channelnewsasia.com.Scenario1">
    <ignored/>
  </testcase> <!-- Scenario1method -->
</testsuite> <!-- Test -->
