<?xml version="1.0" encoding="UTF-8"?>
<!-- Generated by org.testng.reporters.JUnitXMLReporter -->
<testsuite hostname="GUR-BXTI-L162" ignored="0" name="Test" tests="3" failures="2" timestamp="25 Aug 2021 08:16:19 GMT" time="217.681" errors="0">
  <testcase name="Scenario1method" time="83.271" classname="channelnewsasia.com.Scenario1">
    <failure type="java.lang.AssertionError" message="The following asserts failed:
	expected [Commentary: Singaporeâ€™s A330 tanker-transport plane offer can help in Afghanistan evacuation where every bit counts] but found [Biden aims for Aug 31 Afghanistan pullout as risk of attacks rises],
	expected [Commentary: US withdrawal from Afghanistan spells end of China’s free ride on international security] but found [Suspect Afghan evacuees put focus on European security screening]">
      <![CDATA[java.lang.AssertionError: The following asserts failed:
	expected [Commentary: Singaporeâ€™s A330 tanker-transport plane offer can help in Afghanistan evacuation where every bit counts] but found [Biden aims for Aug 31 Afghanistan pullout as risk of attacks rises],
	expected [Commentary: US withdrawal from Afghanistan spells end of China’s free ride on international security] but found [Suspect Afghan evacuees put focus on European security screening]
	at channelnewsasia.com.Scenario1.Scenario1method(Scenario1.java:52)
... Removed 26 stack frames]]>
    </failure>
  </testcase> <!-- Scenario1method -->
  <testcase name="Scenario2method" time="88.404" classname="channelnewsasia.com.Scenario1">
    <failure type="java.lang.AssertionError" message="The following asserts failed:
	expected [Top Japanese adviser blasts IOC&amp;apos;s Bach as wider COVID-19 curbs planned] but found [Football: Premier League clubs will not release players for red-list internationals]">
      <![CDATA[java.lang.AssertionError: The following asserts failed:
	expected [Top Japanese adviser blasts IOC's Bach as wider COVID-19 curbs planned] but found [Football: Premier League clubs will not release players for red-list internationals]
	at channelnewsasia.com.Scenario1.Scenario2method(Scenario1.java:79)
... Removed 26 stack frames]]>
    </failure>
  </testcase> <!-- Scenario2method -->
  <testcase name="fetchWeather" time="29.819" classname="channelnewsasia.com.Scenario1"/>
</testsuite> <!-- Test -->
